<?xml version="1.0" encoding="UTF-8"?>
<!-- Generated by org.testng.reporters.JUnitXMLReporter -->
<testsuite hostname="CATORMAC053" ignored="0" name="Chrome MagicMouse" tests="7" failures="0" timestamp="30 Nov 2018 18:26:36 GMT" time="32.387" errors="0">
  <testcase name="launchSite" time="3.441" classname="test.java.TestRunner"/>
  <testcase name="selectAccessories" time="8.241" classname="test.java.TestRunner"/>
  <testcase name="addMagicMouseToCart" time="1.849" classname="test.java.TestRunner"/>
  <testcase name="checkoutAndConfirmMagicMouse" time="2.358" classname="test.java.TestRunner"/>
  <testcase name="clickOnContinue" time="0.252" classname="test.java.TestRunner"/>
  <testcase name="enterBillDataAndPurchase" time="16.072" classname="test.java.TestRunner"/>
  <testcase name="confirmOrder" time="0.142" classname="test.java.TestRunner"/>
</testsuite> <!-- Chrome MagicMouse -->
