<?xml version="1.0" encoding="UTF-8"?>
<!-- Generated by org.testng.reporters.JUnitXMLReporter -->
<testsuite hostname="CATORMAC053" ignored="0" name="Firefox MagicMouse" tests="7" failures="0" timestamp="30 Nov 2018 18:34:56 GMT" time="36.98" errors="0">
  <testcase name="launchSite" time="7.551" classname="test.java.TestRunner"/>
  <testcase name="selectAccessories" time="4.143" classname="test.java.TestRunner"/>
  <testcase name="addMagicMouseToCart" time="5.047" classname="test.java.TestRunner"/>
  <testcase name="checkoutAndConfirmMagicMouse" time="5.414" classname="test.java.TestRunner"/>
  <testcase name="clickOnContinue" time="0.338" classname="test.java.TestRunner"/>
  <testcase name="enterBillDataAndPurchase" time="7.17" classname="test.java.TestRunner"/>
  <testcase name="confirmOrder" time="7.29" classname="test.java.TestRunner"/>
</testsuite> <!-- Firefox MagicMouse -->
