<?xml version="1.0" encoding="UTF-8"?>
<testng-results skipped="0" failed="0" ignored="0" total="7" passed="7">
  <reporter-output>
  </reporter-output>
  <suite name="Firefox Test" duration-ms="36980" started-at="2018-11-30T18:34:19Z" finished-at="2018-11-30T18:34:56Z">
    <groups>
    </groups>
    <test name="Firefox MagicMouse" duration-ms="36980" started-at="2018-11-30T18:34:19Z" finished-at="2018-11-30T18:34:56Z">
      <class name="test.java.TestRunner">
        <test-method status="PASS" signature="setupBeforeSuite(java.lang.String)[pri:0, instance:test.java.TestRunner@4c203ea1]" name="setupBeforeSuite" is-config="true" duration-ms="10446" started-at="2018-11-30T18:34:08Z" finished-at="2018-11-30T18:34:19Z">
          <params>
            <param index="0">
              <value>
                <![CDATA[Firefox]]>
              </value>
            </param>
          </params>
          <reporter-output>
          </reporter-output>
        </test-method> <!-- setupBeforeSuite -->
        <test-method status="PASS" signature="launchSite()[pri:0, instance:test.java.TestRunner@4c203ea1]" name="launchSite" duration-ms="7551" started-at="2018-11-30T18:34:19Z" description="Go to http://store.demoqa.com/" finished-at="2018-11-30T18:34:26Z">
          <reporter-output>
          </reporter-output>
        </test-method> <!-- launchSite -->
        <test-method status="PASS" signature="selectAccessories()[pri:0, instance:test.java.TestRunner@4c203ea1]" name="selectAccessories" duration-ms="4143" started-at="2018-11-30T18:34:26Z" description="Go to Product category and select Accessories" finished-at="2018-11-30T18:34:30Z">
          <reporter-output>
          </reporter-output>
        </test-method> <!-- selectAccessories -->
        <test-method status="PASS" signature="addMagicMouseToCart()[pri:0, instance:test.java.TestRunner@4c203ea1]" name="addMagicMouseToCart" duration-ms="5047" started-at="2018-11-30T18:34:30Z" description="STEP 3: Click on “Add to Cart” for just Magic Mouse" finished-at="2018-11-30T18:34:35Z">
          <reporter-output>
          </reporter-output>
        </test-method> <!-- addMagicMouseToCart -->
        <test-method status="PASS" signature="checkoutAndConfirmMagicMouse()[pri:0, instance:test.java.TestRunner@4c203ea1]" name="checkoutAndConfirmMagicMouse" duration-ms="5414" started-at="2018-11-30T18:34:35Z" description="STEP 4: Click on “Checkout” and confirm you have 1 Magic Mouse in your Check-Out Page" finished-at="2018-11-30T18:34:41Z">
          <reporter-output>
          </reporter-output>
        </test-method> <!-- checkoutAndConfirmMagicMouse -->
        <test-method status="PASS" signature="clickOnContinue()[pri:0, instance:test.java.TestRunner@4c203ea1]" name="clickOnContinue" duration-ms="338" started-at="2018-11-30T18:34:41Z" description="STEP 5: After confirming, click on Continue" finished-at="2018-11-30T18:34:41Z">
          <reporter-output>
          </reporter-output>
        </test-method> <!-- clickOnContinue -->
        <test-method status="PASS" signature="enterBillDataAndPurchase()[pri:0, instance:test.java.TestRunner@4c203ea1]" name="enterBillDataAndPurchase" duration-ms="7170" started-at="2018-11-30T18:34:41Z" description="STEP 6: Enter test data needed for email,  billing/contact details and billing/contact details and click Purchase" finished-at="2018-11-30T18:34:48Z">
          <reporter-output>
          </reporter-output>
        </test-method> <!-- enterBillDataAndPurchase -->
        <test-method status="PASS" signature="confirmOrder()[pri:0, instance:test.java.TestRunner@4c203ea1]" name="confirmOrder" duration-ms="7290" started-at="2018-11-30T18:34:48Z" description="STEP 7: Confirm that you have placed the Order in ‘Transaction Results’ page" finished-at="2018-11-30T18:34:56Z">
          <reporter-output>
          </reporter-output>
        </test-method> <!-- confirmOrder -->
        <test-method status="PASS" signature="setupAfterSuite()[pri:0, instance:test.java.TestRunner@4c203ea1]" name="setupAfterSuite" is-config="true" duration-ms="1352" started-at="2018-11-30T18:34:56Z" finished-at="2018-11-30T18:34:57Z">
          <reporter-output>
          </reporter-output>
        </test-method> <!-- setupAfterSuite -->
      </class> <!-- test.java.TestRunner -->
    </test> <!-- Firefox MagicMouse -->
  </suite> <!-- Firefox Test -->
</testng-results>
