<?xml version="1.0" encoding="UTF-8"?>
<!-- Generated by org.testng.reporters.JUnitXMLReporter -->
<testsuite hostname="CATORMAC053" ignored="0" name="MagicMouse - QA Chrome" tests="7" failures="0" timestamp="29 Nov 2018 05:19:21 GMT" time="35.528" errors="0">
  <testcase name="launchSite" time="5.066" classname="test.java.TestRunner"/>
  <testcase name="selectAccessories" time="5.94" classname="test.java.TestRunner"/>
  <testcase name="addMagicMouseToCart" time="1.612" classname="test.java.TestRunner"/>
  <testcase name="checkoutAndConfirmMagicMouse" time="2.577" classname="test.java.TestRunner"/>
  <testcase name="clickOnContinue" time="0.168" classname="test.java.TestRunner"/>
  <testcase name="enterBillDataAndPurchase" time="19.995" classname="test.java.TestRunner"/>
  <testcase name="confirmOrder" time="0.148" classname="test.java.TestRunner"/>
</testsuite> <!-- MagicMouse - QA Chrome -->
